# JRE version: Java(TM) SE Runtime Environment (8.0_102-b14) (build 1.8.0_102-b14)
# Java VM: Java HotSpot(TM) 64-Bit Server VM (25.102-b14 mixed mode windows-amd64 compressed oops)
Heap:
 PSYoungGen      total 136704K, used 59810K [0x00000000e0000000, 0x00000000eeb80000, 0x0000000100000000)
  eden space 125952K, 39% used [0x00000000e0000000,0x00000000e30d0e60,0x00000000e7b00000)
  from space 10752K, 91% used [0x00000000e7b00000,0x00000000e8497ae8,0x00000000e8580000)
  to   space 12800K, 0% used [0x00000000edf00000,0x00000000edf00000,0x00000000eeb80000)
 ParOldGen       total 82432K, used 7533K [0x00000000a0000000, 0x00000000a5080000, 0x00000000e0000000)
  object space 82432K, 9% used [0x00000000a0000000,0x00000000a075b550,0x00000000a5080000)
 Metaspace       used 33921K, capacity 34462K, committed 34816K, reserved 1079296K
  class space    used 4668K, capacity 4844K, committed 4864K, reserved 1048576K
GC Heap History (10 events):
Event: 2.630 GC heap before
{Heap before GC invocations=2 (full 0):
 PSYoungGen      total 75264K, used 72072K [0x00000000e0000000, 0x00000000e5400000, 0x0000000100000000)
  eden space 64512K, 100% used [0x00000000e0000000,0x00000000e3f00000,0x00000000e3f00000)
  from space 10752K, 70% used [0x00000000e3f00000,0x00000000e46621d0,0x00000000e4980000)
  to   space 10752K, 0% used [0x00000000e4980000,0x00000000e4980000,0x00000000e5400000)
 ParOldGen       total 172032K, used 16K [0x00000000a0000000, 0x00000000aa800000, 0x00000000e0000000)
  object space 172032K, 0% used [0x00000000a0000000,0x00000000a0004000,0x00000000aa800000)
 Metaspace       used 20361K, capacity 20716K, committed 21120K, reserved 1067008K
  class space    used 2719K, capacity 2849K, committed 2944K, reserved 1048576K
Event: 2.653 GC heap after
Heap after GC invocations=2 (full 0):
 PSYoungGen      total 75264K, used 10727K [0x00000000e0000000, 0x00000000e9300000, 0x0000000100000000)
  eden space 64512K, 0% used [0x00000000e0000000,0x00000000e0000000,0x00000000e3f00000)
  from space 10752K, 99% used [0x00000000e4980000,0x00000000e53f9e98,0x00000000e5400000)
  to   space 10752K, 0% used [0x00000000e3f00000,0x00000000e3f00000,0x00000000e4980000)
 ParOldGen       total 172032K, used 1566K [0x00000000a0000000, 0x00000000aa800000, 0x00000000e0000000)
  object space 172032K, 0% used [0x00000000a0000000,0x00000000a0187a90,0x00000000aa800000)
 Metaspace       used 20361K, capacity 20716K, committed 21120K, reserved 1067008K
  class space    used 2719K, capacity 2849K, committed 2944K, reserved 1048576K
}
Event: 2.693 GC heap before
{Heap before GC invocations=3 (full 0):
 PSYoungGen      total 75264K, used 15092K [0x00000000e0000000, 0x00000000e9300000, 0x0000000100000000)
  eden space 64512K, 6% used [0x00000000e0000000,0x00000000e04433a0,0x00000000e3f00000)
  from space 10752K, 99% used [0x00000000e4980000,0x00000000e53f9e98,0x00000000e5400000)
  to   space 10752K, 0% used [0x00000000e3f00000,0x00000000e3f00000,0x00000000e4980000)
 ParOldGen       total 172032K, used 1566K [0x00000000a0000000, 0x00000000aa800000, 0x00000000e0000000)
  object space 172032K, 0% used [0x00000000a0000000,0x00000000a0187a90,0x00000000aa800000)
 Metaspace       used 20850K, capacity 21164K, committed 21296K, reserved 1067008K
  class space    used 2803K, capacity 2913K, committed 2944K, reserved 1048576K
Event: 2.711 GC heap after
Heap after GC invocations=3 (full 0):
 PSYoungGen      total 75264K, used 7690K [0x00000000e0000000, 0x00000000e9300000, 0x0000000100000000)
  eden space 64512K, 0% used [0x00000000e0000000,0x00000000e0000000,0x00000000e3f00000)
  from space 10752K, 71% used [0x00000000e3f00000,0x00000000e4682888,0x00000000e4980000)
  to   space 10752K, 0% used [0x00000000e8880000,0x00000000e8880000,0x00000000e9300000)
 ParOldGen       total 172032K, used 1574K [0x00000000a0000000, 0x00000000aa800000, 0x00000000e0000000)
  object space 172032K, 0% used [0x00000000a0000000,0x00000000a0189a90,0x00000000aa800000)
 Metaspace       used 20850K, capacity 21164K, committed 21296K, reserved 1067008K
  class space    used 2803K, capacity 2913K, committed 2944K, reserved 1048576K
}
Event: 2.711 GC heap before
{Heap before GC invocations=4 (full 1):
 PSYoungGen      total 75264K, used 7690K [0x00000000e0000000, 0x00000000e9300000, 0x0000000100000000)
  eden space 64512K, 0% used [0x00000000e0000000,0x00000000e0000000,0x00000000e3f00000)
  from space 10752K, 71% used [0x00000000e3f00000,0x00000000e4682888,0x00000000e4980000)
  to   space 10752K, 0% used [0x00000000e8880000,0x00000000e8880000,0x00000000e9300000)
 ParOldGen       total 172032K, used 1574K [0x00000000a0000000, 0x00000000aa800000, 0x00000000e0000000)
  object space 172032K, 0% used [0x00000000a0000000,0x00000000a0189a90,0x00000000aa800000)
 Metaspace       used 20850K, capacity 21164K, committed 21296K, reserved 1067008K
  class space    used 2803K, capacity 2913K, committed 2944K, reserved 1048576K
Event: 2.753 GC heap after
Heap after GC invocations=4 (full 1):
 PSYoungGen      total 75264K, used 0K [0x00000000e0000000, 0x00000000e9300000, 0x0000000100000000)
  eden space 64512K, 0% used [0x00000000e0000000,0x00000000e0000000,0x00000000e3f00000)
  from space 10752K, 0% used [0x00000000e3f00000,0x00000000e3f00000,0x00000000e4980000)
  to   space 10752K, 0% used [0x00000000e8880000,0x00000000e8880000,0x00000000e9300000)
 ParOldGen       total 82432K, used 7517K [0x00000000a0000000, 0x00000000a5080000, 0x00000000e0000000)
  object space 82432K, 9% used [0x00000000a0000000,0x00000000a0757550,0x00000000a5080000)
 Metaspace       used 20850K, capacity 21164K, committed 21296K, reserved 1067008K
  class space    used 2803K, capacity 2913K, committed 2944K, reserved 1048576K
}
Event: 3.330 GC heap before
{Heap before GC invocations=5 (full 1):
 PSYoungGen      total 75264K, used 64512K [0x00000000e0000000, 0x00000000e9300000, 0x0000000100000000)
  eden space 64512K, 100% used [0x00000000e0000000,0x00000000e3f00000,0x00000000e3f00000)
  from space 10752K, 0% used [0x00000000e3f00000,0x00000000e3f00000,0x00000000e4980000)
  to   space 10752K, 0% used [0x00000000e8880000,0x00000000e8880000,0x00000000e9300000)
 ParOldGen       total 82432K, used 7517K [0x00000000a0000000, 0x00000000a5080000, 0x00000000e0000000)
  object space 82432K, 9% used [0x00000000a0000000,0x00000000a0757550,0x00000000a5080000)
 Metaspace       used 25801K, capacity 26242K, committed 26624K, reserved 1073152K
  class space    used 3627K, capacity 3767K, committed 3840K, reserved 1048576K
Event: 3.336 GC heap after
Heap after GC invocations=5 (full 1):
 PSYoungGen      total 126976K, used 7171K [0x00000000e0000000, 0x00000000e9000000, 0x0000000100000000)
  eden space 119296K, 0% used [0x00000000e0000000,0x00000000e0000000,0x00000000e7480000)
  from space 7680K, 93% used [0x00000000e8880000,0x00000000e8f80d30,0x00000000e9000000)
  to   space 10752K, 0% used [0x00000000e7b00000,0x00000000e7b00000,0x00000000e8580000)
 ParOldGen       total 82432K, used 7525K [0x00000000a0000000, 0x00000000a5080000, 0x00000000e0000000)
  object space 82432K, 9% used [0x00000000a0000000,0x00000000a0759550,0x00000000a5080000)
 Metaspace       used 25801K, capacity 26242K, committed 26624K, reserved 1073152K
  class space    used 3627K, capacity 3767K, committed 3840K, reserved 1048576K
}
Event: 4.832 GC heap before
{Heap before GC invocations=6 (full 1):
 PSYoungGen      total 126976K, used 126467K [0x00000000e0000000, 0x00000000e9000000, 0x0000000100000000)
  eden space 119296K, 100% used [0x00000000e0000000,0x00000000e7480000,0x00000000e7480000)
  from space 7680K, 93% used [0x00000000e8880000,0x00000000e8f80d30,0x00000000e9000000)
  to   space 10752K, 0% used [0x00000000e7b00000,0x00000000e7b00000,0x00000000e8580000)
 ParOldGen       total 82432K, used 7525K [0x00000000a0000000, 0x00000000a5080000, 0x00000000e0000000)
  object space 82432K, 9% used [0x00000000a0000000,0x00000000a0759550,0x00000000a5080000)
 Metaspace       used 31734K, capacity 32280K, committed 32768K, reserved 1077248K
  class space    used 4371K, capacity 4545K, committed 4608K, reserved 1048576K
Event: 4.842 GC heap after
Heap after GC invocations=6 (full 1):
 PSYoungGen      total 136704K, used 9822K [0x00000000e0000000, 0x00000000eeb80000, 0x0000000100000000)
  eden space 125952K, 0% used [0x00000000e0000000,0x00000000e0000000,0x00000000e7b00000)
  from space 10752K, 91% used [0x00000000e7b00000,0x00000000e8497ae8,0x00000000e8580000)
  to   space 12800K, 0% used [0x00000000edf00000,0x00000000edf00000,0x00000000eeb80000)
 ParOldGen       total 82432K, used 7533K [0x00000000a0000000, 0x00000000a5080000, 0x00000000e0000000)
  object space 82432K, 9% used [0x00000000a0000000,0x00000000a075b550,0x00000000a5080000)
 Metaspace       used 31734K, capacity 32280K, committed 32768K, reserved 1077248K
  class space    used 4371K, capacity 4545K, committed 4608K, reserved 1048576K
}

