# JRE version: Java(TM) SE Runtime Environment (8.0_102-b14) (build 1.8.0_102-b14)
# Java VM: Java HotSpot(TM) 64-Bit Server VM (25.102-b14 mixed mode windows-amd64 compressed oops)
Heap:
 PSYoungGen      total 125952K, used 52060K [0x00000000e0000000, 0x00000000e8f80000, 0x0000000100000000)
  eden space 118784K, 43% used [0x00000000e0000000,0x00000000e32d73e0,0x00000000e7400000)
  from space 7168K, 0% used [0x00000000e8880000,0x00000000e8880000,0x00000000e8f80000)
  to   space 10752K, 0% used [0x00000000e7a80000,0x00000000e7a80000,0x00000000e8500000)
 ParOldGen       total 120320K, used 16201K [0x00000000a0000000, 0x00000000a7580000, 0x00000000e0000000)
  object space 120320K, 13% used [0x00000000a0000000,0x00000000a0fd2618,0x00000000a7580000)
 Metaspace       used 36702K, capacity 37464K, committed 37888K, reserved 1081344K
  class space    used 5067K, capacity 5284K, committed 5376K, reserved 1048576K
GC Heap History (10 events):
Event: 3.399 GC heap before
{Heap before GC invocations=4 (full 1):
 PSYoungGen      total 75264K, used 7433K [0x00000000e0000000, 0x00000000e9300000, 0x0000000100000000)
  eden space 64512K, 0% used [0x00000000e0000000,0x00000000e0000000,0x00000000e3f00000)
  from space 10752K, 69% used [0x00000000e3f00000,0x00000000e46425b0,0x00000000e4980000)
  to   space 10752K, 0% used [0x00000000e8880000,0x00000000e8880000,0x00000000e9300000)
 ParOldGen       total 172032K, used 1969K [0x00000000a0000000, 0x00000000aa800000, 0x00000000e0000000)
  object space 172032K, 1% used [0x00000000a0000000,0x00000000a01ec788,0x00000000aa800000)
 Metaspace       used 20821K, capacity 21164K, committed 21296K, reserved 1067008K
  class space    used 2802K, capacity 2913K, committed 2944K, reserved 1048576K
Event: 3.433 GC heap after
Heap after GC invocations=4 (full 1):
 PSYoungGen      total 75264K, used 0K [0x00000000e0000000, 0x00000000e9300000, 0x0000000100000000)
  eden space 64512K, 0% used [0x00000000e0000000,0x00000000e0000000,0x00000000e3f00000)
  from space 10752K, 0% used [0x00000000e3f00000,0x00000000e3f00000,0x00000000e4980000)
  to   space 10752K, 0% used [0x00000000e8880000,0x00000000e8880000,0x00000000e9300000)
 ParOldGen       total 82944K, used 7255K [0x00000000a0000000, 0x00000000a5100000, 0x00000000e0000000)
  object space 82944K, 8% used [0x00000000a0000000,0x00000000a0715f58,0x00000000a5100000)
 Metaspace       used 20821K, capacity 21164K, committed 21296K, reserved 1067008K
  class space    used 2802K, capacity 2913K, committed 2944K, reserved 1048576K
}
Event: 4.102 GC heap before
{Heap before GC invocations=5 (full 1):
 PSYoungGen      total 75264K, used 64512K [0x00000000e0000000, 0x00000000e9300000, 0x0000000100000000)
  eden space 64512K, 100% used [0x00000000e0000000,0x00000000e3f00000,0x00000000e3f00000)
  from space 10752K, 0% used [0x00000000e3f00000,0x00000000e3f00000,0x00000000e4980000)
  to   space 10752K, 0% used [0x00000000e8880000,0x00000000e8880000,0x00000000e9300000)
 ParOldGen       total 82944K, used 7255K [0x00000000a0000000, 0x00000000a5100000, 0x00000000e0000000)
  object space 82944K, 8% used [0x00000000a0000000,0x00000000a0715f58,0x00000000a5100000)
 Metaspace       used 25819K, capacity 26242K, committed 26624K, reserved 1073152K
  class space    used 3637K, capacity 3767K, committed 3840K, reserved 1048576K
Event: 4.108 GC heap after
Heap after GC invocations=5 (full 1):
 PSYoungGen      total 125952K, used 7148K [0x00000000e0000000, 0x00000000e8f80000, 0x0000000100000000)
  eden space 118784K, 0% used [0x00000000e0000000,0x00000000e0000000,0x00000000e7400000)
  from space 7168K, 99% used [0x00000000e8880000,0x00000000e8f7b1e8,0x00000000e8f80000)
  to   space 10752K, 0% used [0x00000000e7a80000,0x00000000e7a80000,0x00000000e8500000)
 ParOldGen       total 82944K, used 7263K [0x00000000a0000000, 0x00000000a5100000, 0x00000000e0000000)
  object space 82944K, 8% used [0x00000000a0000000,0x00000000a0717f58,0x00000000a5100000)
 Metaspace       used 25819K, capacity 26242K, committed 26624K, reserved 1073152K
  class space    used 3637K, capacity 3767K, committed 3840K, reserved 1048576K
}
Event: 5.431 GC heap before
{Heap before GC invocations=6 (full 1):
 PSYoungGen      total 125952K, used 125932K [0x00000000e0000000, 0x00000000e8f80000, 0x0000000100000000)
  eden space 118784K, 100% used [0x00000000e0000000,0x00000000e7400000,0x00000000e7400000)
  from space 7168K, 99% used [0x00000000e8880000,0x00000000e8f7b1e8,0x00000000e8f80000)
  to   space 10752K, 0% used [0x00000000e7a80000,0x00000000e7a80000,0x00000000e8500000)
 ParOldGen       total 82944K, used 7263K [0x00000000a0000000, 0x00000000a5100000, 0x00000000e0000000)
  object space 82944K, 8% used [0x00000000a0000000,0x00000000a0717f58,0x00000000a5100000)
 Metaspace       used 31124K, capacity 31672K, committed 32128K, reserved 1077248K
  class space    used 4297K, capacity 4449K, committed 4480K, reserved 1048576K
Event: 5.453 GC heap after
Heap after GC invocations=6 (full 1):
 PSYoungGen      total 129536K, used 9076K [0x00000000e0000000, 0x00000000e8f80000, 0x0000000100000000)
  eden space 118784K, 0% used [0x00000000e0000000,0x00000000e0000000,0x00000000e7400000)
  from space 10752K, 84% used [0x00000000e7a80000,0x00000000e835d300,0x00000000e8500000)
  to   space 7168K, 0% used [0x00000000e8880000,0x00000000e8880000,0x00000000e8f80000)
 ParOldGen       total 82944K, used 7271K [0x00000000a0000000, 0x00000000a5100000, 0x00000000e0000000)
  object space 82944K, 8% used [0x00000000a0000000,0x00000000a0719f58,0x00000000a5100000)
 Metaspace       used 31124K, capacity 31672K, committed 32128K, reserved 1077248K
  class space    used 4297K, capacity 4449K, committed 4480K, reserved 1048576K
}
Event: 5.918 GC heap before
{Heap before GC invocations=7 (full 1):
 PSYoungGen      total 129536K, used 70506K [0x00000000e0000000, 0x00000000e8f80000, 0x0000000100000000)
  eden space 118784K, 51% used [0x00000000e0000000,0x00000000e3bfd678,0x00000000e7400000)
  from space 10752K, 84% used [0x00000000e7a80000,0x00000000e835d300,0x00000000e8500000)
  to   space 7168K, 0% used [0x00000000e8880000,0x00000000e8880000,0x00000000e8f80000)
 ParOldGen       total 82944K, used 7271K [0x00000000a0000000, 0x00000000a5100000, 0x00000000e0000000)
  object space 82944K, 8% used [0x00000000a0000000,0x00000000a0719f58,0x00000000a5100000)
 Metaspace       used 34619K, capacity 35120K, committed 35456K, reserved 1079296K
  class space    used 4766K, capacity 4911K, committed 4992K, reserved 1048576K
Event: 5.929 GC heap after
Heap after GC invocations=7 (full 1):
 PSYoungGen      total 125952K, used 7160K [0x00000000e0000000, 0x00000000e8f80000, 0x0000000100000000)
  eden space 118784K, 0% used [0x00000000e0000000,0x00000000e0000000,0x00000000e7400000)
  from space 7168K, 99% used [0x00000000e8880000,0x00000000e8f7e3c0,0x00000000e8f80000)
  to   space 10752K, 0% used [0x00000000e7a80000,0x00000000e7a80000,0x00000000e8500000)
 ParOldGen       total 82944K, used 9608K [0x00000000a0000000, 0x00000000a5100000, 0x00000000e0000000)
  object space 82944K, 11% used [0x00000000a0000000,0x00000000a0962168,0x00000000a5100000)
 Metaspace       used 34619K, capacity 35120K, committed 35456K, reserved 1079296K
  class space    used 4766K, capacity 4911K, committed 4992K, reserved 1048576K
}
Event: 5.929 GC heap before
{Heap before GC invocations=8 (full 2):
 PSYoungGen      total 125952K, used 7160K [0x00000000e0000000, 0x00000000e8f80000, 0x0000000100000000)
  eden space 118784K, 0% used [0x00000000e0000000,0x00000000e0000000,0x00000000e7400000)
  from space 7168K, 99% used [0x00000000e8880000,0x00000000e8f7e3c0,0x00000000e8f80000)
  to   space 10752K, 0% used [0x00000000e7a80000,0x00000000e7a80000,0x00000000e8500000)
 ParOldGen       total 82944K, used 9608K [0x00000000a0000000, 0x00000000a5100000, 0x00000000e0000000)
  object space 82944K, 11% used [0x00000000a0000000,0x00000000a0962168,0x00000000a5100000)
 Metaspace       used 34619K, capacity 35120K, committed 35456K, reserved 1079296K
  class space    used 4766K, capacity 4911K, committed 4992K, reserved 1048576K
Event: 6.024 GC heap after
Heap after GC invocations=8 (full 2):
 PSYoungGen      total 125952K, used 0K [0x00000000e0000000, 0x00000000e8f80000, 0x0000000100000000)
  eden space 118784K, 0% used [0x00000000e0000000,0x00000000e0000000,0x00000000e7400000)
  from space 7168K, 0% used [0x00000000e8880000,0x00000000e8880000,0x00000000e8f80000)
  to   space 10752K, 0% used [0x00000000e7a80000,0x00000000e7a80000,0x00000000e8500000)
 ParOldGen       total 120320K, used 16201K [0x00000000a0000000, 0x00000000a7580000, 0x00000000e0000000)
  object space 120320K, 13% used [0x00000000a0000000,0x00000000a0fd2618,0x00000000a7580000)
 Metaspace       used 34619K, capacity 35120K, committed 35456K, reserved 1079296K
  class space    used 4766K, capacity 4911K, committed 4992K, reserved 1048576K
}

