# JRE version: Java(TM) SE Runtime Environment (8.0_102-b14) (build 1.8.0_102-b14)
# Java VM: Java HotSpot(TM) 64-Bit Server VM (25.102-b14 mixed mode windows-amd64 compressed oops)
Heap:
 PSYoungGen      total 251904K, used 127666K [0x00000000e0000000, 0x00000000fbe80000, 0x0000000100000000)
  eden space 239104K, 48% used [0x00000000e0000000,0x00000000e702fd80,0x00000000ee980000)
  from space 12800K, 99% used [0x00000000ee980000,0x00000000ef5fcc90,0x00000000ef600000)
  to   space 17920K, 0% used [0x00000000fad00000,0x00000000fad00000,0x00000000fbe80000)
 ParOldGen       total 101888K, used 22734K [0x00000000a0000000, 0x00000000a6380000, 0x00000000e0000000)
  object space 101888K, 22% used [0x00000000a0000000,0x00000000a1633ae0,0x00000000a6380000)
 Metaspace       used 50698K, capacity 52058K, committed 52352K, reserved 1093632K
  class space    used 6907K, capacity 7245K, committed 7296K, reserved 1048576K
GC Heap History (10 events):
Event: 12.852 GC heap before
{Heap before GC invocations=5 (full 1):
 PSYoungGen      total 75264K, used 64512K [0x00000000e0000000, 0x00000000e9300000, 0x0000000100000000)
  eden space 64512K, 100% used [0x00000000e0000000,0x00000000e3f00000,0x00000000e3f00000)
  from space 10752K, 0% used [0x00000000e3f00000,0x00000000e3f00000,0x00000000e4980000)
  to   space 10752K, 0% used [0x00000000e8880000,0x00000000e8880000,0x00000000e9300000)
 ParOldGen       total 78848K, used 7587K [0x00000000a0000000, 0x00000000a4d00000, 0x00000000e0000000)
  object space 78848K, 9% used [0x00000000a0000000,0x00000000a0768d28,0x00000000a4d00000)
 Metaspace       used 25756K, capacity 26178K, committed 26368K, reserved 1071104K
  class space    used 3633K, capacity 3767K, committed 3840K, reserved 1048576K
Event: 12.977 GC heap after
Heap after GC invocations=5 (full 1):
 PSYoungGen      total 132096K, used 7152K [0x00000000e0000000, 0x00000000e8f80000, 0x0000000100000000)
  eden space 124928K, 0% used [0x00000000e0000000,0x00000000e0000000,0x00000000e7a00000)
  from space 7168K, 99% used [0x00000000e8880000,0x00000000e8f7c008,0x00000000e8f80000)
  to   space 10752K, 0% used [0x00000000e7a80000,0x00000000e7a80000,0x00000000e8500000)
 ParOldGen       total 78848K, used 7595K [0x00000000a0000000, 0x00000000a4d00000, 0x00000000e0000000)
  object space 78848K, 9% used [0x00000000a0000000,0x00000000a076ad28,0x00000000a4d00000)
 Metaspace       used 25756K, capacity 26178K, committed 26368K, reserved 1071104K
  class space    used 3633K, capacity 3767K, committed 3840K, reserved 1048576K
}
Event: 15.675 GC heap before
{Heap before GC invocations=6 (full 1):
 PSYoungGen      total 132096K, used 132080K [0x00000000e0000000, 0x00000000e8f80000, 0x0000000100000000)
  eden space 124928K, 100% used [0x00000000e0000000,0x00000000e7a00000,0x00000000e7a00000)
  from space 7168K, 99% used [0x00000000e8880000,0x00000000e8f7c008,0x00000000e8f80000)
  to   space 10752K, 0% used [0x00000000e7a80000,0x00000000e7a80000,0x00000000e8500000)
 ParOldGen       total 78848K, used 7595K [0x00000000a0000000, 0x00000000a4d00000, 0x00000000e0000000)
  object space 78848K, 9% used [0x00000000a0000000,0x00000000a076ad28,0x00000000a4d00000)
 Metaspace       used 32133K, capacity 32674K, committed 33152K, reserved 1077248K
  class space    used 4454K, capacity 4612K, committed 4736K, reserved 1048576K
Event: 15.689 GC heap after
Heap after GC invocations=6 (full 1):
 PSYoungGen      total 136192K, used 10209K [0x00000000e0000000, 0x00000000f0300000, 0x0000000100000000)
  eden space 125440K, 0% used [0x00000000e0000000,0x00000000e0000000,0x00000000e7a80000)
  from space 10752K, 94% used [0x00000000e7a80000,0x00000000e84787c0,0x00000000e8500000)
  to   space 13312K, 0% used [0x00000000ef600000,0x00000000ef600000,0x00000000f0300000)
 ParOldGen       total 78848K, used 7675K [0x00000000a0000000, 0x00000000a4d00000, 0x00000000e0000000)
  object space 78848K, 9% used [0x00000000a0000000,0x00000000a077ed50,0x00000000a4d00000)
 Metaspace       used 32133K, capacity 32674K, committed 33152K, reserved 1077248K
  class space    used 4454K, capacity 4612K, committed 4736K, reserved 1048576K
}
Event: 16.236 GC heap before
{Heap before GC invocations=7 (full 1):
 PSYoungGen      total 136192K, used 60131K [0x00000000e0000000, 0x00000000f0300000, 0x0000000100000000)
  eden space 125440K, 39% used [0x00000000e0000000,0x00000000e30c0608,0x00000000e7a80000)
  from space 10752K, 94% used [0x00000000e7a80000,0x00000000e84787c0,0x00000000e8500000)
  to   space 13312K, 0% used [0x00000000ef600000,0x00000000ef600000,0x00000000f0300000)
 ParOldGen       total 78848K, used 7675K [0x00000000a0000000, 0x00000000a4d00000, 0x00000000e0000000)
  object space 78848K, 9% used [0x00000000a0000000,0x00000000a077ed50,0x00000000a4d00000)
 Metaspace       used 34503K, capacity 35120K, committed 35456K, reserved 1079296K
  class space    used 4752K, capacity 4911K, committed 4992K, reserved 1048576K
Event: 16.259 GC heap after
Heap after GC invocations=7 (full 1):
 PSYoungGen      total 252416K, used 8435K [0x00000000e0000000, 0x00000000f0300000, 0x0000000100000000)
  eden space 239104K, 0% used [0x00000000e0000000,0x00000000e0000000,0x00000000ee980000)
  from space 13312K, 63% used [0x00000000ef600000,0x00000000efe3cea8,0x00000000f0300000)
  to   space 12800K, 0% used [0x00000000ee980000,0x00000000ee980000,0x00000000ef600000)
 ParOldGen       total 78848K, used 7683K [0x00000000a0000000, 0x00000000a4d00000, 0x00000000e0000000)
  object space 78848K, 9% used [0x00000000a0000000,0x00000000a0780d50,0x00000000a4d00000)
 Metaspace       used 34503K, capacity 35120K, committed 35456K, reserved 1079296K
  class space    used 4752K, capacity 4911K, committed 4992K, reserved 1048576K
}
Event: 16.259 GC heap before
{Heap before GC invocations=8 (full 2):
 PSYoungGen      total 252416K, used 8435K [0x00000000e0000000, 0x00000000f0300000, 0x0000000100000000)
  eden space 239104K, 0% used [0x00000000e0000000,0x00000000e0000000,0x00000000ee980000)
  from space 13312K, 63% used [0x00000000ef600000,0x00000000efe3cea8,0x00000000f0300000)
  to   space 12800K, 0% used [0x00000000ee980000,0x00000000ee980000,0x00000000ef600000)
 ParOldGen       total 78848K, used 7683K [0x00000000a0000000, 0x00000000a4d00000, 0x00000000e0000000)
  object space 78848K, 9% used [0x00000000a0000000,0x00000000a0780d50,0x00000000a4d00000)
 Metaspace       used 34503K, capacity 35120K, committed 35456K, reserved 1079296K
  class space    used 4752K, capacity 4911K, committed 4992K, reserved 1048576K
Event: 16.387 GC heap after
Heap after GC invocations=8 (full 2):
 PSYoungGen      total 252416K, used 0K [0x00000000e0000000, 0x00000000f0300000, 0x0000000100000000)
  eden space 239104K, 0% used [0x00000000e0000000,0x00000000e0000000,0x00000000ee980000)
  from space 13312K, 0% used [0x00000000ef600000,0x00000000ef600000,0x00000000f0300000)
  to   space 12800K, 0% used [0x00000000ee980000,0x00000000ee980000,0x00000000ef600000)
 ParOldGen       total 101888K, used 15319K [0x00000000a0000000, 0x00000000a6380000, 0x00000000e0000000)
  object space 101888K, 15% used [0x00000000a0000000,0x00000000a0ef5ff8,0x00000000a6380000)
 Metaspace       used 34503K, capacity 35120K, committed 35456K, reserved 1079296K
  class space    used 4752K, capacity 4911K, committed 4992K, reserved 1048576K
}
Event: 24.947 GC heap before
{Heap before GC invocations=9 (full 2):
 PSYoungGen      total 252416K, used 239104K [0x00000000e0000000, 0x00000000f0300000, 0x0000000100000000)
  eden space 239104K, 100% used [0x00000000e0000000,0x00000000ee980000,0x00000000ee980000)
  from space 13312K, 0% used [0x00000000ef600000,0x00000000ef600000,0x00000000f0300000)
  to   space 12800K, 0% used [0x00000000ee980000,0x00000000ee980000,0x00000000ef600000)
 ParOldGen       total 101888K, used 15319K [0x00000000a0000000, 0x00000000a6380000, 0x00000000e0000000)
  object space 101888K, 15% used [0x00000000a0000000,0x00000000a0ef5ff8,0x00000000a6380000)
 Metaspace       used 47721K, capacity 48982K, committed 49152K, reserved 1091584K
  class space    used 6547K, capacity 6871K, committed 6912K, reserved 1048576K
Event: 25.217 GC heap after
Heap after GC invocations=9 (full 2):
 PSYoungGen      total 251904K, used 12787K [0x00000000e0000000, 0x00000000fbe80000, 0x0000000100000000)
  eden space 239104K, 0% used [0x00000000e0000000,0x00000000e0000000,0x00000000ee980000)
  from space 12800K, 99% used [0x00000000ee980000,0x00000000ef5fcc90,0x00000000ef600000)
  to   space 17920K, 0% used [0x00000000fad00000,0x00000000fad00000,0x00000000fbe80000)
 ParOldGen       total 101888K, used 22734K [0x00000000a0000000, 0x00000000a6380000, 0x00000000e0000000)
  object space 101888K, 22% used [0x00000000a0000000,0x00000000a1633ae0,0x00000000a6380000)
 Metaspace       used 47721K, capacity 48982K, committed 49152K, reserved 1091584K
  class space    used 6547K, capacity 6871K, committed 6912K, reserved 1048576K
}

